2022-08-06 13:33:19,065 [NonParallelWorker] INFO Milestone4specflow.Utility.lognet - generateReport
2022-08-06 13:33:21,137 [NonParallelWorker] INFO Milestone4specflow.Utility.lognet - InitializeDriver
2022-08-06 13:33:21,606 [NonParallelWorker] INFO Milestone4specflow.Utility.lognet - closeDriver
2022-08-06 13:33:23,325 [NonParallelWorker] INFO Milestone4specflow.Utility.lognet - InitializeDriver
2022-08-06 13:33:25,505 [NonParallelWorker] INFO Milestone4specflow.Utility.lognet - NavigateURL
2022-08-06 13:33:27,746 [NonParallelWorker] INFO Milestone4specflow.Utility.lognet - Searchbox
2022-08-06 13:33:30,100 [NonParallelWorker] INFO Milestone4specflow.Utility.lognet - closeDriver
2022-08-06 13:33:31,990 [NonParallelWorker] INFO Milestone4specflow.Utility.lognet - InitializeDriver
2022-08-06 13:33:32,205 [NonParallelWorker] INFO Milestone4specflow.Utility.lognet - closeDriver
2022-08-06 13:33:39,231 [NonParallelWorker] INFO Milestone4specflow.Utility.lognet - flushReport
2022-08-06 13:37:22,937 [NonParallelWorker] INFO Milestone4specflow.Utility.lognet - generateReport
2022-08-06 13:37:24,867 [NonParallelWorker] INFO Milestone4specflow.Utility.lognet - InitializeDriver
2022-08-06 13:37:25,065 [NonParallelWorker] INFO Milestone4specflow.Utility.lognet - closeDriver
2022-08-06 13:37:26,906 [NonParallelWorker] INFO Milestone4specflow.Utility.lognet - InitializeDriver
2022-08-06 13:37:29,208 [NonParallelWorker] INFO Milestone4specflow.Utility.lognet - NavigateURL
2022-08-06 13:37:31,500 [NonParallelWorker] INFO Milestone4specflow.Utility.lognet - Searchbox
2022-08-06 13:37:33,846 [NonParallelWorker] INFO Milestone4specflow.Utility.lognet - closeDriver
2022-08-06 13:37:35,659 [NonParallelWorker] INFO Milestone4specflow.Utility.lognet - InitializeDriver
2022-08-06 13:37:37,579 [NonParallelWorker] INFO Milestone4specflow.Utility.lognet - NavigateURL
2022-08-06 13:37:43,783 [NonParallelWorker] INFO Milestone4specflow.Utility.lognet - closeDriver
2022-08-06 13:37:51,111 [NonParallelWorker] INFO Milestone4specflow.Utility.lognet - flushReport
